<?xml version="1.0" encoding="UTF-8"?>
<!-- Generated by org.testng.reporters.JUnitReportReporter -->
<testsuite hostname="DESKTOP-5S5SQ82" failures="0" tests="1" name="com.TestLeaf.Checkbox" time="12.218" errors="0" timestamp="2021-07-14T18:32:10 IST" skipped="0">
  <testcase classname="com.TestLeaf.Checkbox" name="Checkboxtest" time="12.218"/>
  <system-out/>
</testsuite> <!-- com.TestLeaf.Checkbox -->
