<?xml version="1.0" encoding="UTF-8"?>
<!-- Generated by org.testng.reporters.JUnitReportReporter -->
<testsuite hostname="DESKTOP-5S5SQ82" failures="0" tests="1" name="com.TestLeaf.windows" time="7.535" errors="0" timestamp="2021-07-18T20:20:50 IST" skipped="0">
  <testcase classname="com.TestLeaf.windows" name="WindowsTest" time="7.535"/>
  <system-out/>
</testsuite> <!-- com.TestLeaf.windows -->
