<?xml version="1.0" encoding="UTF-8"?>
<!-- Generated by org.testng.reporters.JUnitReportReporter -->
<testsuite hostname="DESKTOP-5S5SQ82" failures="0" tests="1" name="com.TestLeaf.Button" time="12.691" errors="0" timestamp="2021-07-15T10:27:25 IST" skipped="0">
  <testcase classname="com.TestLeaf.Button" name="checkButton" time="12.691"/>
  <system-out/>
</testsuite> <!-- com.TestLeaf.Button -->
