<?xml version="1.0" encoding="UTF-8"?>
<!-- Generated by org.testng.reporters.JUnitReportReporter -->
<testsuite hostname="DESKTOP-5S5SQ82" failures="0" tests="1" name="com.TestLeaf.Iframe" time="10.078" errors="0" timestamp="2021-07-19T12:03:09 IST" skipped="0">
  <testcase classname="com.TestLeaf.Iframe" name="frame" time="10.078"/>
  <system-out/>
</testsuite> <!-- com.TestLeaf.Iframe -->
