<?xml version="1.0" encoding="UTF-8"?>
<!-- Generated by org.testng.reporters.JUnitReportReporter -->
<testsuite hostname="DESKTOP-5S5SQ82" failures="0" tests="1" name="com.TestLeaf.Promptbox" time="31.071" errors="0" timestamp="2021-07-16T10:29:21 IST" skipped="0">
  <testcase classname="com.TestLeaf.Promptbox" name="pbox" time="31.071"/>
  <system-out/>
</testsuite> <!-- com.TestLeaf.Promptbox -->
