<?xml version="1.0" encoding="UTF-8"?>
<!-- Generated by org.testng.reporters.JUnitReportReporter -->
<testsuite hostname="DESKTOP-5S5SQ82" failures="0" tests="1" name="com.TestLeaf.Edit" time="18.147" errors="0" timestamp="2021-07-14T15:28:21 IST" skipped="0">
  <testcase classname="com.TestLeaf.Edit" name="EditFields" time="18.147"/>
  <system-out/>
</testsuite> <!-- com.TestLeaf.Edit -->
