<?xml version="1.0" encoding="UTF-8"?>
<!-- Generated by org.testng.reporters.JUnitReportReporter -->
<testsuite hostname="DESKTOP-5S5SQ82" failures="0" tests="1" name="com.TestLeaf.hyperLink" time="12.207" errors="0" timestamp="2021-07-14T17:02:48 IST" skipped="0">
  <testcase classname="com.TestLeaf.hyperLink" name="Hyperlinktest" time="12.207"/>
  <system-out/>
</testsuite> <!-- com.TestLeaf.hyperLink -->
