<?xml version="1.0" encoding="UTF-8"?>
<!-- Generated by org.testng.reporters.JUnitReportReporter -->
<testsuite hostname="DESKTOP-5S5SQ82" failures="0" tests="1" name="com.TestLeaf.RadioButton" time="30.487" errors="0" timestamp="2021-07-14T17:31:34 IST" skipped="0">
  <testcase classname="com.TestLeaf.RadioButton" name="RadioButtontest" time="30.487"/>
  <system-out/>
</testsuite> <!-- com.TestLeaf.RadioButton -->
