<?xml version="1.0" encoding="UTF-8"?>
<!-- Generated by org.testng.reporters.JUnitReportReporter -->
<testsuite hostname="DESKTOP-5S5SQ82" failures="0" tests="1" name="com.TestLeaf.FluentWaitClass" time="24.199" errors="0" timestamp="2021-07-19T14:38:50 IST" skipped="0">
  <testcase classname="com.TestLeaf.FluentWaitClass" name="FluentWait" time="24.199"/>
  <system-out/>
</testsuite> <!-- com.TestLeaf.FluentWaitClass -->
